<?xml version="1.0" encoding="UTF-8"?>
<testsuite xmlns:xsi="http://www.w3.org/2001/XMLSchema-instance" xsi:noNamespaceSchemaLocation="https://maven.apache.org/surefire/maven-surefire-plugin/xsd/surefire-test-report-3.0.xsd" version="3.0" name="com.imechanic.backend.project.IMechanicProjectBackendApplicationTests" time="16.73" tests="1" errors="0" skipped="0" failures="0">
  <properties>
[...]
</properties>
  <testcase name="contextLoads" classname="com.imechanic.backend.project.IMechanicProjectBackendApplicationTests" time="1.247">
    <system-out><![CDATA[17:01:54.491 [main] INFO org.springframework.test.context.support.AnnotationConfigContextLoaderUtils -- Could not detect default configuration classes for test class [com.imechanic.backend.project.IMechanicProjectBackendApplicationTests]: IMechanicProjectBackendApplicationTests does not declare any static, non-private, non-final, nested classes annotated with @Configuration.
17:01:54.732 [main] INFO org.springframework.boot.test.context.SpringBootTestContextBootstrapper -- Found @SpringBootConfiguration com.imechanic.backend.project.IMechanicProjectBackendApplication for test class com.imechanic.backend.project.IMechanicProjectBackendApplicationTests

  .   ____          _            __ _ _
 /\\ / ___'_ __ _ _(_)_ __  __ _ \ \ \ \
( ( )\___ | '_ | '_| | '_ \/ _` | \ \ \ \
 \\/  ___)| |_)| | | | | || (_| |  ) ) ) )
  '  |____| .__|_| |_|_| |_\__, | / / / /
 =========|_|==============|___/=/_/_/_/
 :: Spring Boot ::                (v3.2.5)

2024-05-06T17:01:55.666-05:00  INFO 1796 --- [iMechanic-project-backend] [           main] .IMechanicProjectBackendApplicationTests : Starting IMechanicProjectBackendApplicationTests using Java 21.0.1 with PID 1796 (started by LUIS in C:\workspace\iMechanic-Project\iMechanic-project-backend)
2024-05-06T17:01:55.669-05:00  INFO 1796 --- [iMechanic-project-backend] [           main] .IMechanicProjectBackendApplicationTests : No active profile set, falling back to 1 default profile: "default"
2024-05-06T17:01:57.637-05:00  INFO 1796 --- [iMechanic-project-backend] [           main] .s.d.r.c.RepositoryConfigurationDelegate : Bootstrapping Spring Data JPA repositories in DEFAULT mode.
2024-05-06T17:01:57.888-05:00  INFO 1796 --- [iMechanic-project-backend] [           main] .s.d.r.c.RepositoryConfigurationDelegate : Finished Spring Data repository scanning in 220 ms. Found 11 JPA repository interfaces.
2024-05-06T17:01:59.498-05:00  INFO 1796 --- [iMechanic-project-backend] [           main] o.hibernate.jpa.internal.util.LogHelper  : HHH000204: Processing PersistenceUnitInfo [name: default]
2024-05-06T17:01:59.666-05:00  INFO 1796 --- [iMechanic-project-backend] [           main] org.hibernate.Version                    : HHH000412: Hibernate ORM core version 6.4.4.Final
2024-05-06T17:01:59.747-05:00  INFO 1796 --- [iMechanic-project-backend] [           main] o.h.c.internal.RegionFactoryInitiator    : HHH000026: Second-level cache disabled
2024-05-06T17:02:00.545-05:00  INFO 1796 --- [iMechanic-project-backend] [           main] o.s.o.j.p.SpringPersistenceUnitInfo      : No LoadTimeWeaver setup: ignoring JPA class transformer
2024-05-06T17:02:00.603-05:00  INFO 1796 --- [iMechanic-project-backend] [           main] com.zaxxer.hikari.HikariDataSource       : HikariPool-1 - Starting...
2024-05-06T17:02:01.154-05:00  INFO 1796 --- [iMechanic-project-backend] [           main] com.zaxxer.hikari.pool.HikariPool        : HikariPool-1 - Added connection org.postgresql.jdbc.PgConnection@2b395581
2024-05-06T17:02:01.157-05:00  INFO 1796 --- [iMechanic-project-backend] [           main] com.zaxxer.hikari.HikariDataSource       : HikariPool-1 - Start completed.
2024-05-06T17:02:01.248-05:00  WARN 1796 --- [iMechanic-project-backend] [           main] org.hibernate.orm.deprecation            : HHH90000025: PostgreSQLDialect does not need to be specified explicitly using 'hibernate.dialect' (remove the property setting and it will be selected by default)
2024-05-06T17:02:04.483-05:00  INFO 1796 --- [iMechanic-project-backend] [           main] o.h.e.t.j.p.i.JtaPlatformInitiator       : HHH000489: No JTA platform available (set 'hibernate.transaction.jta.platform' to enable JTA platform integration)
2024-05-06T17:02:04.516-05:00  WARN 1796 --- [iMechanic-project-backend] [           main] o.h.engine.jdbc.spi.SqlExceptionHelper   : SQL Warning Code: 0, SQLState: 00000
2024-05-06T17:02:04.517-05:00  WARN 1796 --- [iMechanic-project-backend] [           main] o.h.engine.jdbc.spi.SqlExceptionHelper   : no existe la relación «cliente», omitiendo
2024-05-06T17:02:04.518-05:00  WARN 1796 --- [iMechanic-project-backend] [           main] o.h.engine.jdbc.spi.SqlExceptionHelper   : SQL Warning Code: 0, SQLState: 00000
2024-05-06T17:02:04.518-05:00  WARN 1796 --- [iMechanic-project-backend] [           main] o.h.engine.jdbc.spi.SqlExceptionHelper   : no existe la relación «cuenta_servicios», omitiendo
2024-05-06T17:02:04.519-05:00  WARN 1796 --- [iMechanic-project-backend] [           main] o.h.engine.jdbc.spi.SqlExceptionHelper   : SQL Warning Code: 0, SQLState: 00000
2024-05-06T17:02:04.519-05:00  WARN 1796 --- [iMechanic-project-backend] [           main] o.h.engine.jdbc.spi.SqlExceptionHelper   : no existe la relación «cuenta_servicios», omitiendo
2024-05-06T17:02:04.520-05:00  WARN 1796 --- [iMechanic-project-backend] [           main] o.h.engine.jdbc.spi.SqlExceptionHelper   : SQL Warning Code: 0, SQLState: 00000
2024-05-06T17:02:04.520-05:00  WARN 1796 --- [iMechanic-project-backend] [           main] o.h.engine.jdbc.spi.SqlExceptionHelper   : no existe la relación «mecanico», omitiendo
2024-05-06T17:02:04.521-05:00  WARN 1796 --- [iMechanic-project-backend] [           main] o.h.engine.jdbc.spi.SqlExceptionHelper   : SQL Warning Code: 0, SQLState: 00000
2024-05-06T17:02:04.522-05:00  WARN 1796 --- [iMechanic-project-backend] [           main] o.h.engine.jdbc.spi.SqlExceptionHelper   : no existe la relación «mecanico_servicios», omitiendo
2024-05-06T17:02:04.522-05:00  WARN 1796 --- [iMechanic-project-backend] [           main] o.h.engine.jdbc.spi.SqlExceptionHelper   : SQL Warning Code: 0, SQLState: 00000
2024-05-06T17:02:04.523-05:00  WARN 1796 --- [iMechanic-project-backend] [           main] o.h.engine.jdbc.spi.SqlExceptionHelper   : no existe la relación «mecanico_servicios», omitiendo
2024-05-06T17:02:04.524-05:00  WARN 1796 --- [iMechanic-project-backend] [           main] o.h.engine.jdbc.spi.SqlExceptionHelper   : SQL Warning Code: 0, SQLState: 00000
2024-05-06T17:02:04.524-05:00  WARN 1796 --- [iMechanic-project-backend] [           main] o.h.engine.jdbc.spi.SqlExceptionHelper   : no existe la relación «mensaje_chat», omitiendo
2024-05-06T17:02:04.525-05:00  WARN 1796 --- [iMechanic-project-backend] [           main] o.h.engine.jdbc.spi.SqlExceptionHelper   : SQL Warning Code: 0, SQLState: 00000
2024-05-06T17:02:04.525-05:00  WARN 1796 --- [iMechanic-project-backend] [           main] o.h.engine.jdbc.spi.SqlExceptionHelper   : no existe la relación «mensaje_chat», omitiendo
2024-05-06T17:02:04.526-05:00  WARN 1796 --- [iMechanic-project-backend] [           main] o.h.engine.jdbc.spi.SqlExceptionHelper   : SQL Warning Code: 0, SQLState: 00000
2024-05-06T17:02:04.526-05:00  WARN 1796 --- [iMechanic-project-backend] [           main] o.h.engine.jdbc.spi.SqlExceptionHelper   : no existe la relación «mensaje_chat», omitiendo
2024-05-06T17:02:04.527-05:00  WARN 1796 --- [iMechanic-project-backend] [           main] o.h.engine.jdbc.spi.SqlExceptionHelper   : SQL Warning Code: 0, SQLState: 00000
2024-05-06T17:02:04.527-05:00  WARN 1796 --- [iMechanic-project-backend] [           main] o.h.engine.jdbc.spi.SqlExceptionHelper   : no existe la relación «modelo», omitiendo
2024-05-06T17:02:04.528-05:00  WARN 1796 --- [iMechanic-project-backend] [           main] o.h.engine.jdbc.spi.SqlExceptionHelper   : SQL Warning Code: 0, SQLState: 00000
2024-05-06T17:02:04.528-05:00  WARN 1796 --- [iMechanic-project-backend] [           main] o.h.engine.jdbc.spi.SqlExceptionHelper   : no existe la relación «orden_trabajo», omitiendo
2024-05-06T17:02:04.530-05:00  WARN 1796 --- [iMechanic-project-backend] [           main] o.h.engine.jdbc.spi.SqlExceptionHelper   : SQL Warning Code: 0, SQLState: 00000
2024-05-06T17:02:04.530-05:00  WARN 1796 --- [iMechanic-project-backend] [           main] o.h.engine.jdbc.spi.SqlExceptionHelper   : no existe la relación «paso», omitiendo
2024-05-06T17:02:04.531-05:00  WARN 1796 --- [iMechanic-project-backend] [           main] o.h.engine.jdbc.spi.SqlExceptionHelper   : SQL Warning Code: 0, SQLState: 00000
2024-05-06T17:02:04.531-05:00  WARN 1796 --- [iMechanic-project-backend] [           main] o.h.engine.jdbc.spi.SqlExceptionHelper   : no existe la relación «sala_chat», omitiendo
2024-05-06T17:02:04.532-05:00  WARN 1796 --- [iMechanic-project-backend] [           main] o.h.engine.jdbc.spi.SqlExceptionHelper   : SQL Warning Code: 0, SQLState: 00000
2024-05-06T17:02:04.532-05:00  WARN 1796 --- [iMechanic-project-backend] [           main] o.h.engine.jdbc.spi.SqlExceptionHelper   : no existe la relación «sala_chat», omitiendo
2024-05-06T17:02:04.533-05:00  WARN 1796 --- [iMechanic-project-backend] [           main] o.h.engine.jdbc.spi.SqlExceptionHelper   : SQL Warning Code: 0, SQLState: 00000
2024-05-06T17:02:04.534-05:00  WARN 1796 --- [iMechanic-project-backend] [           main] o.h.engine.jdbc.spi.SqlExceptionHelper   : no existe la relación «servicio_mecanico», omitiendo
2024-05-06T17:02:04.534-05:00  WARN 1796 --- [iMechanic-project-backend] [           main] o.h.engine.jdbc.spi.SqlExceptionHelper   : SQL Warning Code: 0, SQLState: 00000
2024-05-06T17:02:04.535-05:00  WARN 1796 --- [iMechanic-project-backend] [           main] o.h.engine.jdbc.spi.SqlExceptionHelper   : no existe la relación «servicio_mecanico», omitiendo
2024-05-06T17:02:04.535-05:00  WARN 1796 --- [iMechanic-project-backend] [           main] o.h.engine.jdbc.spi.SqlExceptionHelper   : SQL Warning Code: 0, SQLState: 00000
2024-05-06T17:02:04.536-05:00  WARN 1796 --- [iMechanic-project-backend] [           main] o.h.engine.jdbc.spi.SqlExceptionHelper   : no existe la relación «servicio_mecanico», omitiendo
2024-05-06T17:02:04.537-05:00  WARN 1796 --- [iMechanic-project-backend] [           main] o.h.engine.jdbc.spi.SqlExceptionHelper   : SQL Warning Code: 0, SQLState: 00000
2024-05-06T17:02:04.537-05:00  WARN 1796 --- [iMechanic-project-backend] [           main] o.h.engine.jdbc.spi.SqlExceptionHelper   : no existe la relación «taller», omitiendo
2024-05-06T17:02:04.538-05:00  WARN 1796 --- [iMechanic-project-backend] [           main] o.h.engine.jdbc.spi.SqlExceptionHelper   : SQL Warning Code: 0, SQLState: 00000
2024-05-06T17:02:04.538-05:00  WARN 1796 --- [iMechanic-project-backend] [           main] o.h.engine.jdbc.spi.SqlExceptionHelper   : no existe la relación «vehiculo», omitiendo
2024-05-06T17:02:04.539-05:00  WARN 1796 --- [iMechanic-project-backend] [           main] o.h.engine.jdbc.spi.SqlExceptionHelper   : SQL Warning Code: 0, SQLState: 00000
2024-05-06T17:02:04.539-05:00  WARN 1796 --- [iMechanic-project-backend] [           main] o.h.engine.jdbc.spi.SqlExceptionHelper   : no existe la relación «vehiculo», omitiendo
2024-05-06T17:02:04.540-05:00  WARN 1796 --- [iMechanic-project-backend] [           main] o.h.engine.jdbc.spi.SqlExceptionHelper   : SQL Warning Code: 0, SQLState: 00000
2024-05-06T17:02:04.540-05:00  WARN 1796 --- [iMechanic-project-backend] [           main] o.h.engine.jdbc.spi.SqlExceptionHelper   : no existe la relación «vehiculo», omitiendo
2024-05-06T17:02:04.541-05:00  WARN 1796 --- [iMechanic-project-backend] [           main] o.h.engine.jdbc.spi.SqlExceptionHelper   : SQL Warning Code: 0, SQLState: 00000
2024-05-06T17:02:04.542-05:00  WARN 1796 --- [iMechanic-project-backend] [           main] o.h.engine.jdbc.spi.SqlExceptionHelper   : la tabla «cliente» no existe, omitiendo
2024-05-06T17:02:04.542-05:00  WARN 1796 --- [iMechanic-project-backend] [           main] o.h.engine.jdbc.spi.SqlExceptionHelper   : SQL Warning Code: 0, SQLState: 00000
2024-05-06T17:02:04.543-05:00  WARN 1796 --- [iMechanic-project-backend] [           main] o.h.engine.jdbc.spi.SqlExceptionHelper   : la tabla «cuenta» no existe, omitiendo
2024-05-06T17:02:04.543-05:00  WARN 1796 --- [iMechanic-project-backend] [           main] o.h.engine.jdbc.spi.SqlExceptionHelper   : SQL Warning Code: 0, SQLState: 00000
2024-05-06T17:02:04.543-05:00  WARN 1796 --- [iMechanic-project-backend] [           main] o.h.engine.jdbc.spi.SqlExceptionHelper   : la tabla «cuenta_servicios» no existe, omitiendo
2024-05-06T17:02:04.544-05:00  WARN 1796 --- [iMechanic-project-backend] [           main] o.h.engine.jdbc.spi.SqlExceptionHelper   : SQL Warning Code: 0, SQLState: 00000
2024-05-06T17:02:04.545-05:00  WARN 1796 --- [iMechanic-project-backend] [           main] o.h.engine.jdbc.spi.SqlExceptionHelper   : la tabla «marca» no existe, omitiendo
2024-05-06T17:02:04.546-05:00  WARN 1796 --- [iMechanic-project-backend] [           main] o.h.engine.jdbc.spi.SqlExceptionHelper   : SQL Warning Code: 0, SQLState: 00000
2024-05-06T17:02:04.546-05:00  WARN 1796 --- [iMechanic-project-backend] [           main] o.h.engine.jdbc.spi.SqlExceptionHelper   : la tabla «mecanico» no existe, omitiendo
2024-05-06T17:02:04.548-05:00  WARN 1796 --- [iMechanic-project-backend] [           main] o.h.engine.jdbc.spi.SqlExceptionHelper   : SQL Warning Code: 0, SQLState: 00000
2024-05-06T17:02:04.548-05:00  WARN 1796 --- [iMechanic-project-backend] [           main] o.h.engine.jdbc.spi.SqlExceptionHelper   : la tabla «mecanico_servicios» no existe, omitiendo
2024-05-06T17:02:04.549-05:00  WARN 1796 --- [iMechanic-project-backend] [           main] o.h.engine.jdbc.spi.SqlExceptionHelper   : SQL Warning Code: 0, SQLState: 00000
2024-05-06T17:02:04.549-05:00  WARN 1796 --- [iMechanic-project-backend] [           main] o.h.engine.jdbc.spi.SqlExceptionHelper   : la tabla «mensaje_chat» no existe, omitiendo
2024-05-06T17:02:04.549-05:00  WARN 1796 --- [iMechanic-project-backend] [           main] o.h.engine.jdbc.spi.SqlExceptionHelper   : SQL Warning Code: 0, SQLState: 00000
2024-05-06T17:02:04.550-05:00  WARN 1796 --- [iMechanic-project-backend] [           main] o.h.engine.jdbc.spi.SqlExceptionHelper   : la tabla «modelo» no existe, omitiendo
2024-05-06T17:02:04.551-05:00  WARN 1796 --- [iMechanic-project-backend] [           main] o.h.engine.jdbc.spi.SqlExceptionHelper   : SQL Warning Code: 0, SQLState: 00000
2024-05-06T17:02:04.552-05:00  WARN 1796 --- [iMechanic-project-backend] [           main] o.h.engine.jdbc.spi.SqlExceptionHelper   : la tabla «orden_trabajo» no existe, omitiendo
2024-05-06T17:02:04.554-05:00  WARN 1796 --- [iMechanic-project-backend] [           main] o.h.engine.jdbc.spi.SqlExceptionHelper   : SQL Warning Code: 0, SQLState: 00000
2024-05-06T17:02:04.554-05:00  WARN 1796 --- [iMechanic-project-backend] [           main] o.h.engine.jdbc.spi.SqlExceptionHelper   : la tabla «paso» no existe, omitiendo
2024-05-06T17:02:04.556-05:00  WARN 1796 --- [iMechanic-project-backend] [           main] o.h.engine.jdbc.spi.SqlExceptionHelper   : SQL Warning Code: 0, SQLState: 00000
2024-05-06T17:02:04.556-05:00  WARN 1796 --- [iMechanic-project-backend] [           main] o.h.engine.jdbc.spi.SqlExceptionHelper   : la tabla «sala_chat» no existe, omitiendo
2024-05-06T17:02:04.558-05:00  WARN 1796 --- [iMechanic-project-backend] [           main] o.h.engine.jdbc.spi.SqlExceptionHelper   : SQL Warning Code: 0, SQLState: 00000
2024-05-06T17:02:04.558-05:00  WARN 1796 --- [iMechanic-project-backend] [           main] o.h.engine.jdbc.spi.SqlExceptionHelper   : la tabla «servicio» no existe, omitiendo
2024-05-06T17:02:04.559-05:00  WARN 1796 --- [iMechanic-project-backend] [           main] o.h.engine.jdbc.spi.SqlExceptionHelper   : SQL Warning Code: 0, SQLState: 00000
2024-05-06T17:02:04.560-05:00  WARN 1796 --- [iMechanic-project-backend] [           main] o.h.engine.jdbc.spi.SqlExceptionHelper   : la tabla «servicio_mecanico» no existe, omitiendo
2024-05-06T17:02:04.562-05:00  WARN 1796 --- [iMechanic-project-backend] [           main] o.h.engine.jdbc.spi.SqlExceptionHelper   : SQL Warning Code: 0, SQLState: 00000
2024-05-06T17:02:04.562-05:00  WARN 1796 --- [iMechanic-project-backend] [           main] o.h.engine.jdbc.spi.SqlExceptionHelper   : la tabla «taller» no existe, omitiendo
2024-05-06T17:02:04.563-05:00  WARN 1796 --- [iMechanic-project-backend] [           main] o.h.engine.jdbc.spi.SqlExceptionHelper   : SQL Warning Code: 0, SQLState: 00000
2024-05-06T17:02:04.563-05:00  WARN 1796 --- [iMechanic-project-backend] [           main] o.h.engine.jdbc.spi.SqlExceptionHelper   : la tabla «vehiculo» no existe, omitiendo
2024-05-06T17:02:04.901-05:00  INFO 1796 --- [iMechanic-project-backend] [           main] j.LocalContainerEntityManagerFactoryBean : Initialized JPA EntityManagerFactory for persistence unit 'default'
2024-05-06T17:02:05.806-05:00  INFO 1796 --- [iMechanic-project-backend] [           main] o.s.d.j.r.query.QueryEnhancerFactory     : Hibernate is in classpath; If applicable, HQL parser will be used.
2024-05-06T17:02:07.570-05:00  WARN 1796 --- [iMechanic-project-backend] [           main] JpaBaseConfiguration$JpaWebConfiguration : spring.jpa.open-in-view is enabled by default. Therefore, database queries may be performed during view rendering. Explicitly configure spring.jpa.open-in-view to disable this warning
2024-05-06T17:02:08.507-05:00  INFO 1796 --- [iMechanic-project-backend] [           main] o.s.s.web.DefaultSecurityFilterChain     : Will secure any request with [org.springframework.security.web.session.DisableEncodeUrlFilter@164dfad2, org.springframework.security.web.context.request.async.WebAsyncManagerIntegrationFilter@76480730, org.springframework.security.web.context.SecurityContextHolderFilter@674cd2da, org.springframework.security.web.header.HeaderWriterFilter@214738c1, org.springframework.web.filter.CorsFilter@405a296e, org.springframework.security.web.authentication.logout.LogoutFilter@65c040c9, com.imechanic.backend.project.security.filter.JwtTokenValidator@77198cce, org.springframework.security.web.authentication.www.BasicAuthenticationFilter@4ce66169, org.springframework.security.web.savedrequest.RequestCacheAwareFilter@6b28d4e4, org.springframework.security.web.servletapi.SecurityContextHolderAwareRequestFilter@41cfcbb5, org.springframework.security.web.authentication.AnonymousAuthenticationFilter@e7b7395, org.springframework.security.web.session.SessionManagementFilter@36573ec5, org.springframework.security.web.access.ExceptionTranslationFilter@36deacfc, org.springframework.security.web.access.intercept.AuthorizationFilter@40f40221]
2024-05-06T17:02:09.463-05:00  INFO 1796 --- [iMechanic-project-backend] [           main] o.s.m.s.b.SimpleBrokerMessageHandler     : Starting...
2024-05-06T17:02:09.464-05:00  INFO 1796 --- [iMechanic-project-backend] [           main] o.s.m.s.b.SimpleBrokerMessageHandler     : BrokerAvailabilityEvent[available=true, SimpleBrokerMessageHandler [org.springframework.messaging.simp.broker.DefaultSubscriptionRegistry@2b6c3f70]]
2024-05-06T17:02:09.466-05:00  INFO 1796 --- [iMechanic-project-backend] [           main] o.s.m.s.b.SimpleBrokerMessageHandler     : Started.
2024-05-06T17:02:09.479-05:00  INFO 1796 --- [iMechanic-project-backend] [           main] .IMechanicProjectBackendApplicationTests : Started IMechanicProjectBackendApplicationTests in 14.356 seconds (process running for 16.816)
]]></system-out>
    <system-err><![CDATA[WARNING: A Java agent has been loaded dynamically (C:\Users\LUIS\.m2\repository\net\bytebuddy\byte-buddy-agent\1.14.13\byte-buddy-agent-1.14.13.jar)
WARNING: If a serviceability tool is in use, please run with -XX:+EnableDynamicAgentLoading to hide this warning
WARNING: If a serviceability tool is not in use, please run with -Djdk.instrument.traceUsage for more information
WARNING: Dynamic loading of agents will be disallowed by default in a future release
]]></system-err>
  </testcase>
</testsuite>